\BOOKMARK [0][-]{Doc-Start}{Introduction}{}% 1
\BOOKMARK [0][-]{chapter.1}{Pr\351sentation G\351n\351rale}{}% 2
\BOOKMARK [1][-]{section.1.1}{Pr\351sentation de la structure d'accueil}{chapter.1}% 3
\BOOKMARK [2][-]{subsection.1.1.1}{Pr\351sentation de la Societe Gtech}{section.1.1}% 4
\BOOKMARK [2][-]{subsection.1.1.2}{Domaines d'activit\351s}{section.1.1}% 5
\BOOKMARK [1][-]{section.1.2}{Pr\351sentation du sujet}{chapter.1}% 6
\BOOKMARK [2][-]{subsection.1.2.1}{Contexte}{section.1.2}% 7
\BOOKMARK [2][-]{subsection.1.2.2}{Probl\351matique}{section.1.2}% 8
\BOOKMARK [2][-]{subsection.1.2.3}{Objectifs}{section.1.2}% 9
\BOOKMARK [2][-]{subsection.1.2.4}{RESULTATS ATTENDUS}{section.1.2}% 10
\BOOKMARK [2][-]{subsection.1.2.5}{DEMARCHE METHODOLOGIQUE}{section.1.2}% 11
\BOOKMARK [0][-]{chapter.2}{Analyse et Conception de la solution}{}% 12
\BOOKMARK [1][-]{section.2.1}{Pr\351sentation du langage UML \(Unified Modeling Language\)}{chapter.2}% 13
\BOOKMARK [1][-]{section.2.2}{SPECIFICATIONS FONCTIONNELLES}{chapter.2}% 14
\BOOKMARK [1][-]{section.2.3}{Fiches Textuelles}{chapter.2}% 15
\BOOKMARK [1][-]{section.2.4}{Diagramme de s\351quence}{chapter.2}% 16
\BOOKMARK [1][-]{section.2.5}{Diagramme de classe}{chapter.2}% 17
\BOOKMARK [0][-]{chapter.3}{ Conception de la plateforme }{}% 18
\BOOKMARK [1][-]{section.3.1}{Architecture Logique}{chapter.3}% 19
\BOOKMARK [1][-]{section.3.2}{Choix des outils Technologique}{chapter.3}% 20
\BOOKMARK [2][-]{subsection.3.2.1}{Outil de mod\351lisation UML}{section.3.2}% 21
\BOOKMARK [2][-]{subsection.3.2.2}{Langage de programmation}{section.3.2}% 22
\BOOKMARK [2][-]{subsection.3.2.3}{Outil d\220administration de la base de donn\351es}{section.3.2}% 23
\BOOKMARK [2][-]{subsection.3.2.4}{Outil web serveur}{section.3.2}% 24
\BOOKMARK [2][-]{subsection.3.2.5}{Outil de gestions}{section.3.2}% 25
\BOOKMARK [2][-]{subsection.3.2.6}{Technologies de virtualisation}{section.3.2}% 26
\BOOKMARK [1][-]{section.3.3}{Architecture technique}{chapter.3}% 27
\BOOKMARK [1][-]{section.3.4}{Pr\351sentation de l\220application}{chapter.3}% 28
\BOOKMARK [0][-]{chapter.4}{Plan d'affaires}{}% 29
\BOOKMARK [1][-]{section.4.1}{Le potentiel de march\351}{chapter.4}% 30
\BOOKMARK [1][-]{section.4.2}{La pertinence de l\220offre de valeur}{chapter.4}% 31
\BOOKMARK [1][-]{section.4.3}{La capacit\351 \340 s\220ins\351rer sur le march\351}{chapter.4}% 32
\BOOKMARK [1][-]{section.4.4}{Un bon retour sur investissement}{chapter.4}% 33
\BOOKMARK [0][-]{figure.caption.55}{Conclusion et Perspectives}{}% 34
\BOOKMARK [0][-]{figure.caption.55}{Annexes}{}% 35
